十一月 26, 2017 2:21:35 下午 Client.AdminClient <init>
信息: Admin DVLa1111 logged in
十一月 26, 2017 2:21:36 下午 Client.AdminClient checkID
信息:  Administrator DVLa1111 has logged into Droval Campus server
十一月 26, 2017 2:23:29 下午 Client.AdminClient createRoom
信息:  :DVLa1111 create room at Droval Campus for Mon Jan 01 00:00:00 EST 2018
 from Mon Jan 01 08:00:00 EST 2018 to Mon Jan 01 09:00:00 EST 2018
 SUCCEEDED
十一月 26, 2017 2:23:53 下午 Client.AdminClient createRoom
信息:  :DVLa1111 create room at Droval Campus for Sun Oct 01 00:00:00 EDT 2017
 from Sun Oct 01 08:00:00 EDT 2017 to Sun Oct 01 09:00:00 EDT 2017
 SUCCEEDED
十一月 26, 2017 2:26:31 下午 Client.AdminClient createRoom
信息:  :DVLa1111 create room at Droval Campus for Mon Oct 02 00:00:00 EDT 2017
 from Mon Oct 02 08:00:00 EDT 2017 to Mon Oct 02 09:00:00 EDT 2017
 SUCCEEDED
十一月 26, 2017 2:45:10 下午 Client.AdminClient <init>
信息: Admin DVLa1111 logged in
十一月 26, 2017 2:45:10 下午 Client.AdminClient checkID
信息:  Administrator DVLa1111 has logged into Droval Campus server
十一月 26, 2017 2:45:42 下午 Client.AdminClient createRoom
信息:  :DVLa1111 create room at Droval Campus for Sun Oct 01 00:00:00 EDT 2017
 from Sun Oct 01 08:00:00 EDT 2017 to Sun Oct 01 09:00:00 EDT 2017
 SUCCEEDED
十一月 26, 2017 2:52:00 下午 Client.AdminClient createRoom
信息:  :DVLa1111 create room at Droval Campus for Sun Oct 01 00:00:00 EDT 2017
 from Sun Oct 01 08:00:00 EDT 2017 to Sun Oct 01 09:00:00 EDT 2017
 SUCCEEDED
十二月 01, 2017 1:30:36 下午 Client.AdminClient <init>
信息: Admin DVLa1111 logged in
十二月 01, 2017 1:42:59 下午 Client.AdminClient <init>
信息: Admin DVLa1111 logged in
十二月 01, 2017 1:43:00 下午 Client.AdminClient checkID
信息:  Administrator DVLa1111 has logged into Droval Campus server
十二月 01, 2017 5:01:10 下午 Client.AdminClient <init>
信息: Admin DVLa1111 logged in
十二月 01, 2017 5:03:59 下午 Client.AdminClient <init>
信息: Admin DVLa1111 logged in
十二月 01, 2017 7:27:36 下午 Client.AdminClient <init>
信息: Admin DVLa1111 logged in
十二月 01, 2017 7:27:36 下午 Client.AdminClient checkID
信息:  Administrator DVLa1111 has logged into Droval Campus server
十二月 01, 2017 7:28:29 下午 Client.AdminClient createRoom
信息:  :DVLa1111 create room at Droval Campus for Wed Nov 01 00:00:00 EDT 2017
 from Wed Nov 01 08:00:00 EDT 2017 to Wed Nov 01 09:00:00 EDT 2017
 SUCCEEDED
十二月 01, 2017 11:30:56 下午 Client.AdminClient <init>
信息: Admin DVLa1111 logged in
十二月 01, 2017 11:32:24 下午 Client.AdminClient <init>
信息: Admin DVLa1111 logged in
十二月 01, 2017 11:38:15 下午 Client.AdminClient <init>
信息: Admin DVLa1111 logged in
十二月 01, 2017 11:40:59 下午 Client.AdminClient <init>
信息: Admin DVLa1111 logged in
十二月 02, 2017 12:25:36 上午 Client.AdminClient <init>
信息: Admin DVLa1111 logged in
十二月 02, 2017 12:29:04 上午 Client.AdminClient <init>
信息: Admin DVLa1111 logged in
十二月 02, 2017 12:33:39 上午 Client.AdminClient <init>
信息: Admin DVLa1111 logged in
十二月 02, 2017 12:35:57 上午 Client.AdminClient <init>
信息: Admin DVLa1111 logged in
十二月 02, 2017 12:37:37 上午 Client.AdminClient <init>
信息: Admin DVLa1111 logged in
十二月 02, 2017 12:38:10 上午 Client.AdminClient <init>
信息: Admin DVLa1111 logged in
十二月 02, 2017 12:39:19 上午 Client.AdminClient <init>
信息: Admin DVLa1111 logged in
十二月 02, 2017 12:44:36 上午 Client.AdminClient <init>
信息: Admin DVLa1111 logged in
十二月 02, 2017 12:44:56 上午 Client.AdminClient <init>
信息: Admin DVLa1111 logged in
十二月 02, 2017 1:17:16 下午 Client.AdminClient <init>
信息: Admin DVLa1111 logged in
十二月 02, 2017 1:17:53 下午 Client.AdminClient <init>
信息: Admin DVLa1111 logged in
十二月 02, 2017 1:18:48 下午 Client.AdminClient <init>
信息: Admin DVLa1111 logged in
十二月 02, 2017 1:19:23 下午 Client.AdminClient <init>
信息: Admin DVLa1111 logged in
十二月 02, 2017 1:24:01 下午 Client.AdminClient <init>
信息: Admin DVLa1111 logged in
十二月 02, 2017 1:45:49 下午 Client.AdminClient <init>
信息: Admin DVLa1111 logged in
十二月 02, 2017 1:45:49 下午 Client.AdminClient checkID
信息:  Administrator DVLa1111 has logged into Droval Campus server
十二月 02, 2017 1:46:12 下午 Client.AdminClient createRoom
信息:  :DVLa1111 create room at Droval Campus for Wed Nov 01 00:00:00 EDT 2017
 from Wed Nov 01 08:00:00 EDT 2017 to Wed Nov 01 09:00:00 EDT 2017
 SUCCEEDED
