十二月 01, 2017 1:30:36 下午 Client.StudentClient <init>
信息: 
Student DVLs1112 logged in
十二月 01, 2017 1:42:59 下午 Client.StudentClient <init>
信息: 
Student DVLs1112 logged in
十二月 01, 2017 5:01:11 下午 Client.StudentClient <init>
信息: 
Student DVLs1112 logged in
十二月 01, 2017 5:04:00 下午 Client.StudentClient <init>
信息: 
Student DVLs1112 logged in
十二月 01, 2017 11:30:56 下午 Client.StudentClient <init>
信息: 
Student DVLs1112 logged in
十二月 01, 2017 11:32:25 下午 Client.StudentClient <init>
信息: 
Student DVLs1112 logged in
十二月 01, 2017 11:38:16 下午 Client.StudentClient <init>
信息: 
Student DVLs1112 logged in
十二月 01, 2017 11:41:00 下午 Client.StudentClient <init>
信息: 
Student DVLs1112 logged in
十二月 02, 2017 1:47:06 下午 Client.StudentClient <init>
信息: 
Student DVLs1112 logged in
十二月 02, 2017 1:47:19 下午 Client.Client getAvailableTimeSlot
信息: 
DVLs1112 check all available time slots on Fri Dec 01 00:00:00 EST 2017 in Droval Campus
十二月 02, 2017 1:47:22 下午 Client.StudentClient bookRoom
信息: 
Student DVLs1112
booking room 1
from Fri Dec 01 08:00:00 EST 2017
to Fri Dec 01 09:59:00 EST 2017
in Droval Campus
---SUCCEEDED
十二月 02, 2017 1:47:56 下午 Client.Client getAvailableTimeSlot
信息: 
DVLs1112 check all available time slots on Fri Dec 01 00:00:00 EST 2017 in Westmount Campus
十二月 02, 2017 1:48:36 下午 Client.StudentClient getAvailableTimeSlot
信息: 
DVLs1112 check available time slots count of all campus on Fri Dec 01 00:00:00 EST 2017
