十一月 26, 2017 2:36:08 下午 Client.AdminClient <init>
信息: Admin KKLa1111 logged in
十一月 26, 2017 2:36:08 下午 Client.AdminClient checkID
信息:  Administrator KKLa1111 has logged into Kirkland Campus server
十一月 26, 2017 2:36:29 下午 Client.AdminClient createRoom
信息:  :KKLa1111 create room at Kirkland Campus for Sun Oct 01 00:00:00 EDT 2017
 from Sun Oct 01 08:00:00 EDT 2017 to Sun Oct 01 09:00:00 EDT 2017
 SUCCEEDED
十一月 26, 2017 2:45:14 下午 Client.AdminClient <init>
信息: Admin KKLa1111 logged in
十一月 26, 2017 2:45:15 下午 Client.AdminClient checkID
信息:  Administrator KKLa1111 has logged into Kirkland Campus server
十一月 26, 2017 2:46:01 下午 Client.AdminClient createRoom
信息:  :KKLa1111 create room at Kirkland Campus for Sun Oct 01 00:00:00 EDT 2017
 from Sun Oct 01 08:00:00 EDT 2017 to Sun Oct 01 09:00:00 EDT 2017
 SUCCEEDED
十一月 26, 2017 2:49:49 下午 Client.AdminClient createRoom
信息:  :KKLa1111 create room at Kirkland Campus for Sun Oct 01 00:00:00 EDT 2017
 from Sun Oct 01 08:00:00 EDT 2017 to Sun Oct 01 09:00:00 EDT 2017
 SUCCEEDED
十二月 01, 2017 1:30:35 下午 Client.AdminClient <init>
信息: Admin KKLa1111 logged in
十二月 01, 2017 1:42:59 下午 Client.AdminClient <init>
信息: Admin KKLa1111 logged in
十二月 01, 2017 5:01:10 下午 Client.AdminClient <init>
信息: Admin KKLa1111 logged in
十二月 01, 2017 5:03:59 下午 Client.AdminClient <init>
信息: Admin KKLa1111 logged in
十二月 01, 2017 11:30:55 下午 Client.AdminClient <init>
信息: Admin KKLa1111 logged in
十二月 01, 2017 11:32:24 下午 Client.AdminClient <init>
信息: Admin KKLa1111 logged in
十二月 01, 2017 11:38:15 下午 Client.AdminClient <init>
信息: Admin KKLa1111 logged in
十二月 01, 2017 11:40:59 下午 Client.AdminClient <init>
信息: Admin KKLa1111 logged in
十二月 02, 2017 12:25:35 上午 Client.AdminClient <init>
信息: Admin KKLa1111 logged in
十二月 02, 2017 12:29:04 上午 Client.AdminClient <init>
信息: Admin KKLa1111 logged in
十二月 02, 2017 12:33:38 上午 Client.AdminClient <init>
信息: Admin KKLa1111 logged in
十二月 02, 2017 12:35:57 上午 Client.AdminClient <init>
信息: Admin KKLa1111 logged in
十二月 02, 2017 12:37:37 上午 Client.AdminClient <init>
信息: Admin KKLa1111 logged in
十二月 02, 2017 12:38:10 上午 Client.AdminClient <init>
信息: Admin KKLa1111 logged in
十二月 02, 2017 12:39:19 上午 Client.AdminClient <init>
信息: Admin KKLa1111 logged in
十二月 02, 2017 12:44:35 上午 Client.AdminClient <init>
信息: Admin KKLa1111 logged in
十二月 02, 2017 12:44:55 上午 Client.AdminClient <init>
信息: Admin KKLa1111 logged in
十二月 02, 2017 1:17:16 下午 Client.AdminClient <init>
信息: Admin KKLa1111 logged in
十二月 02, 2017 1:17:52 下午 Client.AdminClient <init>
信息: Admin KKLa1111 logged in
十二月 02, 2017 1:18:48 下午 Client.AdminClient <init>
信息: Admin KKLa1111 logged in
十二月 02, 2017 1:19:23 下午 Client.AdminClient <init>
信息: Admin KKLa1111 logged in
十二月 02, 2017 1:24:01 下午 Client.AdminClient <init>
信息: Admin KKLa1111 logged in
