十一月 26, 2017 2:24:45 下午 Client.StudentClient <init>
信息: 
Student KKLs1111 logged in
十一月 26, 2017 2:25:00 下午 Client.Client getAvailableTimeSlot
信息: 
KKLs1111 check all available time slots on Sun Oct 01 00:00:00 EDT 2017 in Droval Campus
十一月 26, 2017 2:25:05 下午 Client.StudentClient bookRoom
信息: 
Student KKLs1111
booking room 1
from Sun Oct 01 08:00:00 EDT 2017
to Sun Oct 01 09:00:00 EDT 2017
in Droval Campus
---SUCCEEDED
十一月 26, 2017 2:26:44 下午 Client.Client getAvailableTimeSlot
信息: 
KKLs1111 check all available time slots on Mon Oct 02 00:00:00 EDT 2017 in Droval Campus
十一月 26, 2017 2:27:24 下午 Client.Client getAvailableTimeSlot
信息: 
KKLs1111 check all available time slots on Sun Oct 01 00:00:00 EDT 2017 in Droval Campus
十一月 26, 2017 2:37:20 下午 Client.StudentClient getAvailableTimeSlot
信息: 
KKLs1111 check available time slots count of all campus on Sun Oct 01 00:00:00 EDT 2017
十一月 26, 2017 2:38:13 下午 Client.Client getAvailableTimeSlot
信息: 
KKLs1111 check all available time slots on Sun Oct 01 00:00:00 EDT 2017 in Kirkland Campus
十一月 26, 2017 2:38:25 下午 Client.StudentClient getAvailableTimeSlot
信息: 
KKLs1111 check available time slots count of all campus on Sun Oct 01 00:00:00 EDT 2017
十一月 26, 2017 2:39:22 下午 Client.Client getAvailableTimeSlot
信息: 
KKLs1111 check all available time slots on Sun Oct 01 00:00:00 EDT 2017 in Westmount Campus
十一月 26, 2017 2:39:43 下午 Client.StudentClient getAvailableTimeSlot
信息: 
KKLs1111 check available time slots count of all campus on Sun Oct 01 00:00:00 EDT 2017
十一月 26, 2017 2:40:18 下午 Client.Client getAvailableTimeSlot
信息: 
KKLs1111 check all available time slots on Sun Oct 01 00:00:00 EDT 2017 in Droval Campus
十一月 26, 2017 2:41:03 下午 Client.StudentClient getAvailableTimeSlot
信息: 
KKLs1111 check available time slots count of all campus on Sun Oct 01 00:00:00 EDT 2017
十二月 01, 2017 1:30:36 下午 Client.StudentClient <init>
信息: 
Student KKLs1111 logged in
十二月 01, 2017 1:42:59 下午 Client.StudentClient <init>
信息: 
Student KKLs1111 logged in
十二月 01, 2017 5:01:11 下午 Client.StudentClient <init>
信息: 
Student KKLs1111 logged in
十二月 01, 2017 5:03:59 下午 Client.StudentClient <init>
信息: 
Student KKLs1111 logged in
十二月 01, 2017 11:30:56 下午 Client.StudentClient <init>
信息: 
Student KKLs1111 logged in
十二月 01, 2017 11:32:24 下午 Client.StudentClient <init>
信息: 
Student KKLs1111 logged in
十二月 01, 2017 11:38:15 下午 Client.StudentClient <init>
信息: 
Student KKLs1111 logged in
十二月 01, 2017 11:41:00 下午 Client.StudentClient <init>
信息: 
Student KKLs1111 logged in
十二月 02, 2017 12:25:36 上午 Client.StudentClient <init>
信息: 
Student KKLs1111 logged in
十二月 02, 2017 12:25:36 上午 Client.StudentClient <init>
信息: 
Student KKLs1111 logged in
十二月 02, 2017 12:25:36 上午 Client.Client getAvailableTimeSlot
信息: 
KKLs1111 check all available time slots on Fri Dec 01 00:00:00 EST 2017 in Droval Campus
十二月 02, 2017 12:25:36 上午 Client.StudentClient bookRoom
信息: 
Student KKLs1111
booking room 2
from Fri Dec 01 12:00:00 EST 2017
to Fri Dec 01 13:59:00 EST 2017
in Droval Campus
---SUCCEEDED
十二月 02, 2017 12:29:04 上午 Client.StudentClient <init>
信息: 
Student KKLs1111 logged in
十二月 02, 2017 12:29:04 上午 Client.StudentClient <init>
信息: 
Student KKLs1111 logged in
十二月 02, 2017 12:29:04 上午 Client.Client getAvailableTimeSlot
信息: 
KKLs1111 check all available time slots on Fri Dec 01 00:00:00 EST 2017 in Droval Campus
十二月 02, 2017 12:29:05 上午 Client.StudentClient bookRoom
信息: 
Student KKLs1111
booking room 2
from Fri Dec 01 12:00:00 EST 2017
to Fri Dec 01 13:59:00 EST 2017
in Droval Campus
---SUCCEEDED
十二月 02, 2017 12:33:39 上午 Client.StudentClient <init>
信息: 
Student KKLs1111 logged in
十二月 02, 2017 12:33:39 上午 Client.StudentClient <init>
信息: 
Student KKLs1111 logged in
十二月 02, 2017 12:33:39 上午 Client.Client getAvailableTimeSlot
信息: 
KKLs1111 check all available time slots on Fri Dec 01 00:00:00 EST 2017 in Droval Campus
十二月 02, 2017 12:33:39 上午 Client.StudentClient bookRoom
信息: 
Student KKLs1111
booking room 2
from Fri Dec 01 12:00:00 EST 2017
to Fri Dec 01 13:59:00 EST 2017
in Droval Campus
---SUCCEEDED
十二月 02, 2017 12:35:57 上午 Client.StudentClient <init>
信息: 
Student KKLs1111 logged in
十二月 02, 2017 12:35:57 上午 Client.StudentClient <init>
信息: 
Student KKLs1111 logged in
十二月 02, 2017 12:35:57 上午 Client.Client getAvailableTimeSlot
信息: 
KKLs1111 check all available time slots on Fri Dec 01 00:00:00 EST 2017 in Droval Campus
十二月 02, 2017 12:35:58 上午 Client.StudentClient bookRoom
信息: 
Student KKLs1111
booking room 2
from Fri Dec 01 12:00:00 EST 2017
to Fri Dec 01 13:59:00 EST 2017
in Droval Campus
---SUCCEEDED
十二月 02, 2017 12:37:38 上午 Client.StudentClient <init>
信息: 
Student KKLs1111 logged in
十二月 02, 2017 12:37:38 上午 Client.StudentClient <init>
信息: 
Student KKLs1111 logged in
十二月 02, 2017 12:37:38 上午 Client.Client getAvailableTimeSlot
信息: 
KKLs1111 check all available time slots on Fri Dec 01 00:00:00 EST 2017 in Droval Campus
十二月 02, 2017 12:38:10 上午 Client.StudentClient <init>
信息: 
Student KKLs1111 logged in
十二月 02, 2017 12:38:10 上午 Client.StudentClient <init>
信息: 
Student KKLs1111 logged in
十二月 02, 2017 12:38:10 上午 Client.Client getAvailableTimeSlot
信息: 
KKLs1111 check all available time slots on Fri Dec 01 00:00:00 EST 2017 in Droval Campus
十二月 02, 2017 12:39:19 上午 Client.StudentClient <init>
信息: 
Student KKLs1111 logged in
十二月 02, 2017 12:39:20 上午 Client.StudentClient <init>
信息: 
Student KKLs1111 logged in
十二月 02, 2017 12:39:20 上午 Client.Client getAvailableTimeSlot
信息: 
KKLs1111 check all available time slots on Fri Dec 01 00:00:00 EST 2017 in Droval Campus
十二月 02, 2017 12:39:20 上午 Client.StudentClient bookRoom
信息: 
Student KKLs1111
booking room 2
from Fri Dec 01 12:00:00 EST 2017
to Fri Dec 01 13:59:00 EST 2017
in Droval Campus
---SUCCEEDED
十二月 02, 2017 12:44:36 上午 Client.StudentClient <init>
信息: 
Student KKLs1111 logged in
十二月 02, 2017 12:44:36 上午 Client.StudentClient <init>
信息: 
Student KKLs1111 logged in
十二月 02, 2017 12:44:36 上午 Client.Client getAvailableTimeSlot
信息: 
KKLs1111 check all available time slots on Fri Dec 01 00:00:00 EST 2017 in Droval Campus
十二月 02, 2017 12:44:36 上午 Client.StudentClient bookRoom
信息: 
Student KKLs1111
booking room 2
from Fri Dec 01 12:00:00 EST 2017
to Fri Dec 01 13:59:00 EST 2017
in Droval Campus
---SUCCEEDED
十二月 02, 2017 12:44:56 上午 Client.StudentClient <init>
信息: 
Student KKLs1111 logged in
十二月 02, 2017 12:44:56 上午 Client.StudentClient <init>
信息: 
Student KKLs1111 logged in
十二月 02, 2017 12:44:56 上午 Client.Client getAvailableTimeSlot
信息: 
KKLs1111 check all available time slots on Fri Dec 01 00:00:00 EST 2017 in Droval Campus
十二月 02, 2017 12:44:56 上午 Client.StudentClient bookRoom
信息: 
Student KKLs1111
booking room 2
from Fri Dec 01 12:00:00 EST 2017
to Fri Dec 01 13:59:00 EST 2017
in Droval Campus
---SUCCEEDED
十二月 02, 2017 1:17:16 下午 Client.StudentClient <init>
信息: 
Student KKLs1111 logged in
十二月 02, 2017 1:17:16 下午 Client.StudentClient <init>
信息: 
Student KKLs1111 logged in
十二月 02, 2017 1:17:16 下午 Client.Client getAvailableTimeSlot
信息: 
KKLs1111 check all available time slots on Fri Dec 01 00:00:00 EST 2017 in Droval Campus
十二月 02, 2017 1:17:53 下午 Client.StudentClient <init>
信息: 
Student KKLs1111 logged in
十二月 02, 2017 1:17:53 下午 Client.StudentClient <init>
信息: 
Student KKLs1111 logged in
十二月 02, 2017 1:17:53 下午 Client.Client getAvailableTimeSlot
信息: 
KKLs1111 check all available time slots on Fri Dec 01 00:00:00 EST 2017 in Droval Campus
十二月 02, 2017 1:17:53 下午 Client.StudentClient bookRoom
信息: 
Student KKLs1111
booking room 2
from Fri Dec 01 12:00:00 EST 2017
to Fri Dec 01 13:59:00 EST 2017
in Droval Campus
---SUCCEEDED
十二月 02, 2017 1:18:48 下午 Client.StudentClient <init>
信息: 
Student KKLs1111 logged in
十二月 02, 2017 1:19:23 下午 Client.StudentClient <init>
信息: 
Student KKLs1111 logged in
十二月 02, 2017 1:24:01 下午 Client.StudentClient <init>
信息: 
Student KKLs1111 logged in
十二月 02, 2017 1:24:02 下午 Client.StudentClient <init>
信息: 
Student KKLs1111 logged in
十二月 02, 2017 1:24:02 下午 Client.Client getAvailableTimeSlot
信息: 
KKLs1111 check all available time slots on Fri Dec 01 00:00:00 EST 2017 in Kirkland Campus
十二月 02, 2017 1:24:02 下午 Client.StudentClient bookRoom
信息: 
Student KKLs1111
booking room 1
from Fri Dec 01 14:00:00 EST 2017
to Fri Dec 01 15:59:00 EST 2017
in Kirkland Campus
---SUCCEEDED
十二月 02, 2017 1:53:00 下午 Client.StudentClient <init>
信息: 
Student KKLs1111 logged in
十二月 02, 2017 1:53:11 下午 Client.Client getAvailableTimeSlot
信息: 
KKLs1111 check all available time slots on Fri Dec 01 00:00:00 EST 2017 in Westmount Campus
