十一月 26, 2017 12:53:25 下午 Server.Server initLogger
信息: 
Kirkland Campus LOG loaded
十一月 26, 2017 12:53:25 下午 Server.Server run
信息: 
Kirkland Campus UDP listening port initialized and listening at 5851
十一月 26, 2017 12:55:34 下午 Server.Server initLogger
信息: 
Kirkland Campus LOG loaded
十一月 26, 2017 12:55:34 下午 Server.Server run
信息: 
Kirkland Campus UDP listening port initialized and listening at 5851
十一月 26, 2017 12:56:09 下午 Server.Server initLogger
信息: 
Kirkland Campus LOG loaded
十一月 26, 2017 12:56:09 下午 Server.Server run
信息: 
Kirkland Campus UDP listening port initialized and listening at 5851
十一月 26, 2017 12:57:45 下午 Server.Server initLogger
信息: 
Kirkland Campus LOG loaded
十一月 26, 2017 12:57:45 下午 Server.Server run
信息: 
Kirkland Campus UDP listening port initialized and listening at 5851
十一月 26, 2017 1:01:07 下午 Server.Server initLogger
信息: 
Kirkland Campus LOG loaded
十一月 26, 2017 1:01:07 下午 Server.Server run
信息: 
Kirkland Campus UDP listening port initialized and listening at 5851
十一月 26, 2017 1:01:30 下午 Server.Server initLogger
信息: 
Kirkland Campus LOG loaded
十一月 26, 2017 1:01:30 下午 Server.Server run
信息: 
Kirkland Campus UDP listening port initialized and listening at 5851
十一月 26, 2017 1:02:22 下午 Server.Server initLogger
信息: 
Kirkland Campus LOG loaded
十一月 26, 2017 1:02:24 下午 Server.Server run
信息: 
Kirkland Campus UDP listening port initialized and listening at 5851
十一月 26, 2017 1:02:47 下午 Server.Server initLogger
信息: 
Kirkland Campus LOG loaded
十一月 26, 2017 1:02:47 下午 Server.Server run
信息: 
Kirkland Campus UDP listening port initialized and listening at 5851
十一月 26, 2017 1:03:04 下午 Server.Server initLogger
信息: 
Kirkland Campus LOG loaded
十一月 26, 2017 1:03:04 下午 Server.Server run
信息: 
Kirkland Campus UDP listening port initialized and listening at 5851
十一月 26, 2017 1:05:47 下午 Server.Server initLogger
信息: 
Kirkland Campus LOG loaded
十一月 26, 2017 1:05:47 下午 Server.Server run
信息: 
Kirkland Campus UDP listening port initialized and listening at 5851
十一月 26, 2017 1:29:36 下午 Server.Server initLogger
信息: 
Kirkland Campus LOG loaded
十一月 26, 2017 1:29:36 下午 Server.Server run
信息: 
Kirkland Campus UDP listening port initialized and listening at 5851
十一月 26, 2017 1:33:11 下午 Server.Server initLogger
信息: 
Kirkland Campus LOG loaded
十一月 26, 2017 1:33:11 下午 Server.Server run
信息: 
Kirkland Campus UDP listening port initialized and listening at 5851
十一月 26, 2017 2:09:25 下午 Server.Server initLogger
信息: 
Kirkland Campus LOG loaded
十一月 26, 2017 2:09:25 下午 Server.Server run
信息: 
Kirkland Campus UDP listening port initialized and listening at 5851
十一月 26, 2017 2:10:14 下午 Server.Server initLogger
信息: 
Kirkland Campus LOG loaded
十一月 26, 2017 2:10:14 下午 Server.Server run
信息: 
Kirkland Campus UDP listening port initialized and listening at 5851
十一月 26, 2017 2:17:47 下午 Server.Server initLogger
信息: 
Kirkland Campus LOG loaded
十一月 26, 2017 2:17:47 下午 Server.Server run
信息: 
Kirkland Campus UDP listening port initialized and listening at 5851
十一月 26, 2017 2:44:47 下午 Server.Server initLogger
信息: 
Kirkland Campus LOG loaded
十一月 26, 2017 2:44:47 下午 Server.Server run
信息: 
Kirkland Campus UDP listening port initialized and listening at 5851
十二月 01, 2017 1:30:02 下午 Server.Server initLogger
信息: 
Kirkland Campus LOG loaded
十二月 01, 2017 1:30:02 下午 Server.Server run
信息: 
Kirkland Campus UDP listening port initialized and listening at 5851
十二月 01, 2017 2:05:24 下午 Server.Server initLogger
信息: 
Kirkland Campus LOG loaded
十二月 01, 2017 2:05:24 下午 Server.Server run
信息: 
Kirkland Campus UDP listening port initialized and listening at 5851
十二月 01, 2017 2:07:19 下午 Server.Server initLogger
信息: 
Kirkland Campus LOG loaded
十二月 01, 2017 2:07:19 下午 Server.Server run
信息: 
Kirkland Campus UDP listening port initialized and listening at 5851
十二月 01, 2017 8:21:00 下午 Server.Server initLogger
信息: 
Kirkland Campus LOG loaded
十二月 01, 2017 8:21:00 下午 Server.Server run
信息: 
Kirkland Campus UDP listening port initialized and listening at 5851
十二月 01, 2017 11:30:11 下午 Server.Server initLogger
信息: 
Kirkland Campus LOG loaded
十二月 01, 2017 11:30:11 下午 Server.Server run
信息: 
Kirkland Campus UDP listening port initialized and listening at 5851
十二月 01, 2017 11:59:12 下午 Server.Server initLogger
信息: 
Kirkland Campus LOG loaded
十二月 01, 2017 11:59:13 下午 Server.Server run
信息: 
Kirkland Campus UDP listening port initialized and listening at 5851
十二月 02, 2017 12:03:44 上午 Server.Server initLogger
信息: 
Kirkland Campus LOG loaded
十二月 02, 2017 12:03:44 上午 Server.Server run
信息: 
Kirkland Campus UDP listening port initialized and listening at 5851
十二月 02, 2017 12:08:08 上午 Server.Server initLogger
信息: 
Kirkland Campus LOG loaded
十二月 02, 2017 12:08:09 上午 Server.Server run
信息: 
Kirkland Campus UDP listening port initialized and listening at 5851
十二月 02, 2017 12:14:32 上午 Server.Server initLogger
信息: 
Kirkland Campus LOG loaded
十二月 02, 2017 12:14:32 上午 Server.Server run
信息: 
Kirkland Campus UDP listening port initialized and listening at 5851
十二月 02, 2017 12:21:24 上午 Server.Server initLogger
信息: 
Kirkland Campus LOG loaded
十二月 02, 2017 12:21:24 上午 Server.Server run
信息: 
Kirkland Campus UDP listening port initialized and listening at 5851
十二月 02, 2017 12:24:09 上午 Server.Server initLogger
信息: 
Kirkland Campus LOG loaded
十二月 02, 2017 12:24:09 上午 Server.Server run
信息: 
Kirkland Campus UDP listening port initialized and listening at 5851
十二月 02, 2017 12:25:27 上午 Server.Server initLogger
信息: 
Kirkland Campus LOG loaded
十二月 02, 2017 12:25:27 上午 Server.Server run
信息: 
Kirkland Campus UDP listening port initialized and listening at 5851
十二月 02, 2017 12:28:51 上午 Server.Server initLogger
信息: 
Kirkland Campus LOG loaded
十二月 02, 2017 12:28:51 上午 Server.Server run
信息: 
Kirkland Campus UDP listening port initialized and listening at 5851
十二月 02, 2017 12:33:24 上午 Server.Server initLogger
信息: 
Kirkland Campus LOG loaded
十二月 02, 2017 12:33:24 上午 Server.Server run
信息: 
Kirkland Campus UDP listening port initialized and listening at 5851
十二月 02, 2017 12:35:48 上午 Server.Server initLogger
信息: 
Kirkland Campus LOG loaded
十二月 02, 2017 12:35:48 上午 Server.Server run
信息: 
Kirkland Campus UDP listening port initialized and listening at 5851
十二月 02, 2017 12:37:21 上午 Server.Server initLogger
信息: 
Kirkland Campus LOG loaded
十二月 02, 2017 12:37:22 上午 Server.Server run
信息: 
Kirkland Campus UDP listening port initialized and listening at 5851
十二月 02, 2017 12:38:01 上午 Server.Server initLogger
信息: 
Kirkland Campus LOG loaded
十二月 02, 2017 12:38:01 上午 Server.Server run
信息: 
Kirkland Campus UDP listening port initialized and listening at 5851
十二月 02, 2017 12:38:55 上午 Server.Server initLogger
信息: 
Kirkland Campus LOG loaded
十二月 02, 2017 12:38:55 上午 Server.Server run
信息: 
Kirkland Campus UDP listening port initialized and listening at 5851
十二月 02, 2017 1:16:56 下午 Server.Server initLogger
信息: 
Kirkland Campus LOG loaded
十二月 02, 2017 1:16:57 下午 Server.Server run
信息: 
Kirkland Campus UDP listening port initialized and listening at 5851
十二月 02, 2017 1:17:45 下午 Server.Server initLogger
信息: 
Kirkland Campus LOG loaded
十二月 02, 2017 1:17:45 下午 Server.Server run
信息: 
Kirkland Campus UDP listening port initialized and listening at 5851
十二月 02, 2017 1:19:09 下午 Server.Server initLogger
信息: 
Kirkland Campus LOG loaded
十二月 02, 2017 1:19:09 下午 Server.Server run
信息: 
Kirkland Campus UDP listening port initialized and listening at 5851
十二月 02, 2017 1:23:52 下午 Server.Server initLogger
信息: 
Kirkland Campus LOG loaded
十二月 02, 2017 1:23:52 下午 Server.Server run
信息: 
Kirkland Campus UDP listening port initialized and listening at 5851
